<?xml version="1.0" encoding="UTF-8"?>
<!-- Generated by org.testng.reporters.JUnitReportReporter -->
<testsuite hostname="NIDRASAR-E752" name="com.jenkinpractice.selenium.MavinDemo" tests="1" failures="0" timestamp="15 Feb 2017 20:50:54 GMT" time="0.013" errors="0">
  <testcase name="testHello" time="0.013" classname="com.jenkinpractice.selenium.MavinDemo"/>
</testsuite>
